# JRE version: OpenJDK Runtime Environment (18.0.2.1+1) (build 18.0.2.1+1-1)
# Java VM: OpenJDK 64-Bit Server VM (18.0.2.1+1-1, mixed mode, sharing, tiered, compressed oops, compressed class ptrs, g1 gc, windows-amd64)
GC Precious Log:
 CardTable entry size: 512
 Card Set container configuration: InlinePtr #cards 5 size 8 Array Of Cards #cards 12 size 40 Howl #buckets 4 coarsen threshold 1843 Howl Bitmap #cards 512 size 80 coarsen threshold 460 Card regions per heap region 1 cards per card region 2048
 CPUs: 4 total, 4 available
 Memory: 3930M
 Large Page Support: Disabled
 NUMA Support: Disabled
 Compressed Oops: Enabled (32-bit)
 Heap Region Size: 1M
 Heap Min Capacity: 8M
 Heap Initial Capacity: 62M
 Heap Max Capacity: 984M
 Pre-touch: Disabled
 Parallel Workers: 4
 Concurrent Workers: 1
 Concurrent Refinement Workers: 4
 Periodic GC: Disabled
Heap:
 garbage-first heap   total 63488K, used 24576K [0x00000000c2800000, 0x0000000100000000)
  region size 1024K, 19 young (19456K), 4 survivors (4096K)
 Metaspace       used 18427K, committed 18688K, reserved 1114112K
  class space    used 2186K, committed 2304K, reserved 1048576K
GC Heap History (8 events):
Event: 2.219 GC heap before
{Heap before GC invocations=0 (full 0):
 garbage-first heap   total 63488K, used 13312K [0x00000000c2800000, 0x0000000100000000)
  region size 1024K, 13 young (13312K), 0 survivors (0K)
 Metaspace       used 3482K, committed 3584K, reserved 1114112K
  class space    used 340K, committed 384K, reserved 1048576K
}
Event: 2.304 GC heap after
{Heap after GC invocations=1 (full 0):
 garbage-first heap   total 63488K, used 6063K [0x00000000c2800000, 0x0000000100000000)
  region size 1024K, 2 young (2048K), 2 survivors (2048K)
 Metaspace       used 3482K, committed 3584K, reserved 1114112K
  class space    used 340K, committed 384K, reserved 1048576K
}
Event: 5.562 GC heap before
{Heap before GC invocations=1 (full 0):
 garbage-first heap   total 63488K, used 15279K [0x00000000c2800000, 0x0000000100000000)
  region size 1024K, 11 young (11264K), 2 survivors (2048K)
 Metaspace       used 5716K, committed 5888K, reserved 1114112K
  class space    used 623K, committed 704K, reserved 1048576K
}
Event: 5.565 GC heap after
{Heap after GC invocations=2 (full 0):
 garbage-first heap   total 63488K, used 6954K [0x00000000c2800000, 0x0000000100000000)
  region size 1024K, 1 young (1024K), 1 survivors (1024K)
 Metaspace       used 5716K, committed 5888K, reserved 1114112K
  class space    used 623K, committed 704K, reserved 1048576K
}
Event: 6.577 GC heap before
{Heap before GC invocations=2 (full 0):
 garbage-first heap   total 63488K, used 26410K [0x00000000c2800000, 0x0000000100000000)
  region size 1024K, 21 young (21504K), 1 survivors (1024K)
 Metaspace       used 11005K, committed 11200K, reserved 1114112K
  class space    used 1302K, committed 1408K, reserved 1048576K
}
Event: 6.580 GC heap after
{Heap after GC invocations=3 (full 0):
 garbage-first heap   total 63488K, used 8265K [0x00000000c2800000, 0x0000000100000000)
  region size 1024K, 2 young (2048K), 2 survivors (2048K)
 Metaspace       used 11005K, committed 11200K, reserved 1114112K
  class space    used 1302K, committed 1408K, reserved 1048576K
}
Event: 8.134 GC heap before
{Heap before GC invocations=3 (full 0):
 garbage-first heap   total 63488K, used 35913K [0x00000000c2800000, 0x0000000100000000)
  region size 1024K, 30 young (30720K), 2 survivors (2048K)
 Metaspace       used 16648K, committed 16960K, reserved 1114112K
  class space    used 1972K, committed 2112K, reserved 1048576K
}
Event: 8.140 GC heap after
{Heap after GC invocations=4 (full 0):
 garbage-first heap   total 63488K, used 10240K [0x00000000c2800000, 0x0000000100000000)
  region size 1024K, 4 young (4096K), 4 survivors (4096K)
 Metaspace       used 16648K, committed 16960K, reserved 1114112K
  class space    used 1972K, committed 2112K, reserved 1048576K
}

