# JRE version: OpenJDK Runtime Environment (18.0.2.1+1) (build 18.0.2.1+1-1)
# Java VM: OpenJDK 64-Bit Server VM (18.0.2.1+1-1, mixed mode, sharing, tiered, compressed oops, compressed class ptrs, g1 gc, windows-amd64)
GC Precious Log:
 CardTable entry size: 512
 Card Set container configuration: InlinePtr #cards 5 size 8 Array Of Cards #cards 12 size 40 Howl #buckets 4 coarsen threshold 1843 Howl Bitmap #cards 512 size 80 coarsen threshold 460 Card regions per heap region 1 cards per card region 2048
 CPUs: 4 total, 4 available
 Memory: 3930M
 Large Page Support: Disabled
 NUMA Support: Disabled
 Compressed Oops: Enabled (32-bit)
 Heap Region Size: 1M
 Heap Min Capacity: 8M
 Heap Initial Capacity: 62M
 Heap Max Capacity: 984M
 Pre-touch: Disabled
 Parallel Workers: 4
 Concurrent Workers: 1
 Concurrent Refinement Workers: 4
 Periodic GC: Disabled
Heap:
 garbage-first heap   total 48128K, used 34815K [0x00000000c2800000, 0x0000000100000000)
  region size 1024K, 11 young (11264K), 2 survivors (2048K)
 Metaspace       used 59094K, committed 59584K, reserved 1114112K
  class space    used 8001K, committed 8256K, reserved 1048576K
GC Heap History (20 events):
Event: 8.069 GC heap before
{Heap before GC invocations=10 (full 0):
 garbage-first heap   total 48128K, used 29370K [0x00000000c2800000, 0x0000000100000000)
  region size 1024K, 14 young (14336K), 2 survivors (2048K)
 Metaspace       used 35670K, committed 35968K, reserved 1114112K
  class space    used 4703K, committed 4864K, reserved 1048576K
}
Event: 8.074 GC heap after
{Heap after GC invocations=11 (full 0):
 garbage-first heap   total 48128K, used 18582K [0x00000000c2800000, 0x0000000100000000)
  region size 1024K, 2 young (2048K), 2 survivors (2048K)
 Metaspace       used 35670K, committed 35968K, reserved 1114112K
  class space    used 4703K, committed 4864K, reserved 1048576K
}
Event: 9.274 GC heap before
{Heap before GC invocations=12 (full 0):
 garbage-first heap   total 48128K, used 34966K [0x00000000c2800000, 0x0000000100000000)
  region size 1024K, 19 young (19456K), 2 survivors (2048K)
 Metaspace       used 40885K, committed 41280K, reserved 1114112K
  class space    used 5350K, committed 5504K, reserved 1048576K
}
Event: 9.279 GC heap after
{Heap after GC invocations=13 (full 0):
 garbage-first heap   total 48128K, used 19962K [0x00000000c2800000, 0x0000000100000000)
  region size 1024K, 2 young (2048K), 2 survivors (2048K)
 Metaspace       used 40885K, committed 41280K, reserved 1114112K
  class space    used 5350K, committed 5504K, reserved 1048576K
}
Event: 10.213 GC heap before
{Heap before GC invocations=13 (full 0):
 garbage-first heap   total 48128K, used 36346K [0x00000000c2800000, 0x0000000100000000)
  region size 1024K, 19 young (19456K), 2 survivors (2048K)
 Metaspace       used 44965K, committed 45376K, reserved 1114112K
  class space    used 6000K, committed 6208K, reserved 1048576K
}
Event: 10.220 GC heap after
{Heap after GC invocations=14 (full 0):
 garbage-first heap   total 48128K, used 21245K [0x00000000c2800000, 0x0000000100000000)
  region size 1024K, 3 young (3072K), 3 survivors (3072K)
 Metaspace       used 44965K, committed 45376K, reserved 1114112K
  class space    used 6000K, committed 6208K, reserved 1048576K
}
Event: 11.192 GC heap before
{Heap before GC invocations=14 (full 0):
 garbage-first heap   total 48128K, used 36605K [0x00000000c2800000, 0x0000000100000000)
  region size 1024K, 18 young (18432K), 3 survivors (3072K)
 Metaspace       used 47608K, committed 48064K, reserved 1114112K
  class space    used 6347K, committed 6592K, reserved 1048576K
}
Event: 11.198 GC heap after
{Heap after GC invocations=15 (full 0):
 garbage-first heap   total 48128K, used 22008K [0x00000000c2800000, 0x0000000100000000)
  region size 1024K, 2 young (2048K), 2 survivors (2048K)
 Metaspace       used 47608K, committed 48064K, reserved 1114112K
  class space    used 6347K, committed 6592K, reserved 1048576K
}
Event: 12.012 GC heap before
{Heap before GC invocations=15 (full 0):
 garbage-first heap   total 48128K, used 37368K [0x00000000c2800000, 0x0000000100000000)
  region size 1024K, 18 young (18432K), 2 survivors (2048K)
 Metaspace       used 50013K, committed 50496K, reserved 1114112K
  class space    used 6664K, committed 6912K, reserved 1048576K
}
Event: 12.017 GC heap after
{Heap after GC invocations=16 (full 0):
 garbage-first heap   total 48128K, used 23270K [0x00000000c2800000, 0x0000000100000000)
  region size 1024K, 3 young (3072K), 3 survivors (3072K)
 Metaspace       used 50013K, committed 50496K, reserved 1114112K
  class space    used 6664K, committed 6912K, reserved 1048576K
}
Event: 12.363 GC heap before
{Heap before GC invocations=16 (full 0):
 garbage-first heap   total 48128K, used 37606K [0x00000000c2800000, 0x0000000100000000)
  region size 1024K, 17 young (17408K), 3 survivors (3072K)
 Metaspace       used 51892K, committed 52288K, reserved 1114112K
  class space    used 6921K, committed 7104K, reserved 1048576K
}
Event: 12.368 GC heap after
{Heap after GC invocations=17 (full 0):
 garbage-first heap   total 48128K, used 24069K [0x00000000c2800000, 0x0000000100000000)
  region size 1024K, 2 young (2048K), 2 survivors (2048K)
 Metaspace       used 51892K, committed 52288K, reserved 1114112K
  class space    used 6921K, committed 7104K, reserved 1048576K
}
Event: 12.895 GC heap before
{Heap before GC invocations=17 (full 0):
 garbage-first heap   total 48128K, used 38405K [0x00000000c2800000, 0x0000000100000000)
  region size 1024K, 16 young (16384K), 2 survivors (2048K)
 Metaspace       used 54945K, committed 55360K, reserved 1114112K
  class space    used 7474K, committed 7680K, reserved 1048576K
}
Event: 12.901 GC heap after
{Heap after GC invocations=18 (full 0):
 garbage-first heap   total 48128K, used 24427K [0x00000000c2800000, 0x0000000100000000)
  region size 1024K, 2 young (2048K), 2 survivors (2048K)
 Metaspace       used 54945K, committed 55360K, reserved 1114112K
  class space    used 7474K, committed 7680K, reserved 1048576K
}
Event: 13.122 GC heap before
{Heap before GC invocations=19 (full 0):
 garbage-first heap   total 48128K, used 38763K [0x00000000c2800000, 0x0000000100000000)
  region size 1024K, 16 young (16384K), 2 survivors (2048K)
 Metaspace       used 55222K, committed 55680K, reserved 1114112K
  class space    used 7521K, committed 7744K, reserved 1048576K
}
Event: 13.127 GC heap after
{Heap after GC invocations=20 (full 0):
 garbage-first heap   total 48128K, used 25225K [0x00000000c2800000, 0x0000000100000000)
  region size 1024K, 2 young (2048K), 2 survivors (2048K)
 Metaspace       used 55222K, committed 55680K, reserved 1114112K
  class space    used 7521K, committed 7744K, reserved 1048576K
}
Event: 13.627 GC heap before
{Heap before GC invocations=20 (full 0):
 garbage-first heap   total 48128K, used 38537K [0x00000000c2800000, 0x0000000100000000)
  region size 1024K, 15 young (15360K), 2 survivors (2048K)
 Metaspace       used 56874K, committed 57280K, reserved 1114112K
  class space    used 7744K, committed 7936K, reserved 1048576K
}
Event: 13.637 GC heap after
{Heap after GC invocations=21 (full 0):
 garbage-first heap   total 48128K, used 26610K [0x00000000c2800000, 0x0000000100000000)
  region size 1024K, 2 young (2048K), 2 survivors (2048K)
 Metaspace       used 56874K, committed 57280K, reserved 1114112K
  class space    used 7744K, committed 7936K, reserved 1048576K
}
Event: 52.564 GC heap before
{Heap before GC invocations=22 (full 0):
 garbage-first heap   total 48128K, used 38898K [0x00000000c2800000, 0x0000000100000000)
  region size 1024K, 14 young (14336K), 2 survivors (2048K)
 Metaspace       used 58031K, committed 58496K, reserved 1114112K
  class space    used 7891K, committed 8128K, reserved 1048576K
}
Event: 52.771 GC heap after
{Heap after GC invocations=23 (full 0):
 garbage-first heap   total 48128K, used 27647K [0x00000000c2800000, 0x0000000100000000)
  region size 1024K, 2 young (2048K), 2 survivors (2048K)
 Metaspace       used 58031K, committed 58496K, reserved 1114112K
  class space    used 7891K, committed 8128K, reserved 1048576K
}

