# JRE version: OpenJDK Runtime Environment (18.0.2.1+1) (build 18.0.2.1+1-1)
# Java VM: OpenJDK 64-Bit Server VM (18.0.2.1+1-1, mixed mode, sharing, tiered, compressed oops, compressed class ptrs, g1 gc, windows-amd64)
GC Precious Log:
 CardTable entry size: 512
 Card Set container configuration: InlinePtr #cards 5 size 8 Array Of Cards #cards 12 size 40 Howl #buckets 4 coarsen threshold 1843 Howl Bitmap #cards 512 size 80 coarsen threshold 460 Card regions per heap region 1 cards per card region 2048
 CPUs: 4 total, 4 available
 Memory: 3930M
 Large Page Support: Disabled
 NUMA Support: Disabled
 Compressed Oops: Enabled (32-bit)
 Heap Region Size: 1M
 Heap Min Capacity: 8M
 Heap Initial Capacity: 62M
 Heap Max Capacity: 984M
 Pre-touch: Disabled
 Parallel Workers: 4
 Concurrent Workers: 1
 Concurrent Refinement Workers: 4
 Periodic GC: Disabled
Heap:
 garbage-first heap   total 48128K, used 22685K [0x00000000c2800000, 0x0000000100000000)
  region size 1024K, 9 young (9216K), 3 survivors (3072K)
 Metaspace       used 37448K, committed 37760K, reserved 1114112K
  class space    used 4794K, committed 4928K, reserved 1048576K
GC Heap History (20 events):
Event: 1.377 GC heap before
{Heap before GC invocations=0 (full 0):
 garbage-first heap   total 63488K, used 13312K [0x00000000c2800000, 0x0000000100000000)
  region size 1024K, 13 young (13312K), 0 survivors (0K)
 Metaspace       used 3482K, committed 3584K, reserved 1114112K
  class space    used 341K, committed 384K, reserved 1048576K
}
Event: 1.387 GC heap after
{Heap after GC invocations=1 (full 0):
 garbage-first heap   total 63488K, used 6271K [0x00000000c2800000, 0x0000000100000000)
  region size 1024K, 2 young (2048K), 2 survivors (2048K)
 Metaspace       used 3482K, committed 3584K, reserved 1114112K
  class space    used 341K, committed 384K, reserved 1048576K
}
Event: 2.224 GC heap before
{Heap before GC invocations=1 (full 0):
 garbage-first heap   total 63488K, used 15487K [0x00000000c2800000, 0x0000000100000000)
  region size 1024K, 11 young (11264K), 2 survivors (2048K)
 Metaspace       used 5718K, committed 5888K, reserved 1114112K
  class space    used 625K, committed 704K, reserved 1048576K
}
Event: 2.228 GC heap after
{Heap after GC invocations=2 (full 0):
 garbage-first heap   total 63488K, used 6669K [0x00000000c2800000, 0x0000000100000000)
  region size 1024K, 1 young (1024K), 1 survivors (1024K)
 Metaspace       used 5718K, committed 5888K, reserved 1114112K
  class space    used 625K, committed 704K, reserved 1048576K
}
Event: 2.913 GC heap before
{Heap before GC invocations=2 (full 0):
 garbage-first heap   total 63488K, used 27149K [0x00000000c2800000, 0x0000000100000000)
  region size 1024K, 21 young (21504K), 1 survivors (1024K)
 Metaspace       used 11057K, committed 11392K, reserved 1114112K
  class space    used 1299K, committed 1472K, reserved 1048576K
}
Event: 2.919 GC heap after
{Heap after GC invocations=3 (full 0):
 garbage-first heap   total 63488K, used 8515K [0x00000000c2800000, 0x0000000100000000)
  region size 1024K, 3 young (3072K), 3 survivors (3072K)
 Metaspace       used 11057K, committed 11392K, reserved 1114112K
  class space    used 1299K, committed 1472K, reserved 1048576K
}
Event: 3.803 GC heap before
{Heap before GC invocations=3 (full 0):
 garbage-first heap   total 63488K, used 35139K [0x00000000c2800000, 0x0000000100000000)
  region size 1024K, 30 young (30720K), 3 survivors (3072K)
 Metaspace       used 16607K, committed 16832K, reserved 1114112K
  class space    used 1956K, committed 2048K, reserved 1048576K
}
Event: 3.815 GC heap after
{Heap after GC invocations=4 (full 0):
 garbage-first heap   total 63488K, used 10479K [0x00000000c2800000, 0x0000000100000000)
  region size 1024K, 4 young (4096K), 4 survivors (4096K)
 Metaspace       used 16607K, committed 16832K, reserved 1114112K
  class space    used 1956K, committed 2048K, reserved 1048576K
}
Event: 4.914 GC heap before
{Heap before GC invocations=4 (full 0):
 garbage-first heap   total 63488K, used 41199K [0x00000000c2800000, 0x0000000100000000)
  region size 1024K, 34 young (34816K), 4 survivors (4096K)
 Metaspace       used 21041K, committed 21312K, reserved 1114112K
  class space    used 2542K, committed 2688K, reserved 1048576K
}
Event: 4.923 GC heap after
{Heap after GC invocations=5 (full 0):
 garbage-first heap   total 63488K, used 12500K [0x00000000c2800000, 0x0000000100000000)
  region size 1024K, 4 young (4096K), 4 survivors (4096K)
 Metaspace       used 21041K, committed 21312K, reserved 1114112K
  class space    used 2542K, committed 2688K, reserved 1048576K
}
Event: 4.954 GC heap before
{Heap before GC invocations=5 (full 0):
 garbage-first heap   total 63488K, used 12500K [0x00000000c2800000, 0x0000000100000000)
  region size 1024K, 5 young (5120K), 4 survivors (4096K)
 Metaspace       used 21191K, committed 21504K, reserved 1114112K
  class space    used 2570K, committed 2688K, reserved 1048576K
}
Event: 4.960 GC heap after
{Heap after GC invocations=6 (full 0):
 garbage-first heap   total 63488K, used 12564K [0x00000000c2800000, 0x0000000100000000)
  region size 1024K, 3 young (3072K), 3 survivors (3072K)
 Metaspace       used 21191K, committed 21504K, reserved 1114112K
  class space    used 2570K, committed 2688K, reserved 1048576K
}
Event: 5.847 GC heap before
{Heap before GC invocations=7 (full 0):
 garbage-first heap   total 48128K, used 38164K [0x00000000c2800000, 0x0000000100000000)
  region size 1024K, 28 young (28672K), 3 survivors (3072K)
 Metaspace       used 26207K, committed 26560K, reserved 1114112K
  class space    used 3220K, committed 3392K, reserved 1048576K
}
Event: 5.856 GC heap after
{Heap after GC invocations=8 (full 0):
 garbage-first heap   total 48128K, used 15313K [0x00000000c2800000, 0x0000000100000000)
  region size 1024K, 3 young (3072K), 3 survivors (3072K)
 Metaspace       used 26207K, committed 26560K, reserved 1114112K
  class space    used 3220K, committed 3392K, reserved 1048576K
}
Event: 5.888 GC heap before
{Heap before GC invocations=8 (full 0):
 garbage-first heap   total 48128K, used 16337K [0x00000000c2800000, 0x0000000100000000)
  region size 1024K, 4 young (4096K), 3 survivors (3072K)
 Metaspace       used 26347K, committed 26752K, reserved 1114112K
  class space    used 3233K, committed 3392K, reserved 1048576K
}
Event: 5.894 GC heap after
{Heap after GC invocations=9 (full 0):
 garbage-first heap   total 48128K, used 15718K [0x00000000c2800000, 0x0000000100000000)
  region size 1024K, 1 young (1024K), 1 survivors (1024K)
 Metaspace       used 26347K, committed 26752K, reserved 1114112K
  class space    used 3233K, committed 3392K, reserved 1048576K
}
Event: 6.447 GC heap before
{Heap before GC invocations=9 (full 0):
 garbage-first heap   total 48128K, used 34150K [0x00000000c2800000, 0x0000000100000000)
  region size 1024K, 20 young (20480K), 1 survivors (1024K)
 Metaspace       used 31389K, committed 31808K, reserved 1114112K
  class space    used 3795K, committed 3968K, reserved 1048576K
}
Event: 6.449 GC heap after
{Heap after GC invocations=10 (full 0):
 garbage-first heap   total 48128K, used 16659K [0x00000000c2800000, 0x0000000100000000)
  region size 1024K, 2 young (2048K), 2 survivors (2048K)
 Metaspace       used 31389K, committed 31808K, reserved 1114112K
  class space    used 3795K, committed 3968K, reserved 1048576K
}
Event: 7.228 GC heap before
{Heap before GC invocations=10 (full 0):
 garbage-first heap   total 48128K, used 33043K [0x00000000c2800000, 0x0000000100000000)
  region size 1024K, 20 young (20480K), 2 survivors (2048K)
 Metaspace       used 35725K, committed 36096K, reserved 1114112K
  class space    used 4437K, committed 4608K, reserved 1048576K
}
Event: 7.232 GC heap after
{Heap after GC invocations=11 (full 0):
 garbage-first heap   total 48128K, used 17565K [0x00000000c2800000, 0x0000000100000000)
  region size 1024K, 3 young (3072K), 3 survivors (3072K)
 Metaspace       used 35725K, committed 36096K, reserved 1114112K
  class space    used 4437K, committed 4608K, reserved 1048576K
}

